2022-01-17 11:14:10,576  INFO [main] outstationStepDef:14 - URL Opened
2022-01-17 11:14:13,425  INFO [main] outstationStepDef:14 - car rental is clicked in page rental
2022-01-17 11:14:21,718  INFO [main] outstationStepDef:14 - name is clicked in page name
2022-01-17 11:14:23,917  INFO [main] outstationStepDef:14 - name is send in page name
2022-01-17 11:14:26,512  INFO [main] outstationStepDef:14 - company name is clicked in page compname
2022-01-17 11:14:28,794  INFO [main] outstationStepDef:14 - company name is send in page compname
2022-01-17 11:14:31,092  INFO [main] outstationStepDef:14 - email is clicked in page email
2022-01-17 11:14:33,061  INFO [main] outstationStepDef:14 - email is send in page email
2022-01-17 11:14:35,055  INFO [main] outstationStepDef:14 - phone no is clicked in page phoneno
2022-01-17 11:14:37,228  INFO [main] outstationStepDef:14 - phone no is send in page phoneno
2022-01-17 11:14:39,681  INFO [main] outstationStepDef:14 - submit is clicked in page submit
2022-01-17 11:15:01,985  INFO [main] outstationStepDef:14 - result detail shown 
2022-01-17 11:15:04,392  INFO [main] outstationStepDef:14 - home page is clicked in page home page
2022-01-17 11:15:21,909  INFO [main] validpageStepDef:14 - URL Opened
2022-01-17 11:15:24,147  INFO [main] validpageStepDef:14 - One way cab is clicked in page onewaycab
2022-01-17 11:15:38,315  INFO [main] validpageStepDef:14 - chennaitab is clicked in page chennai
2022-01-17 11:15:41,348  INFO [main] validpageStepDef:14 - trl is clicked in page trl
2022-01-17 11:15:51,543  INFO [main] validpageStepDef:14 - home page is clicked in page home page
2022-01-17 11:16:08,815  INFO [main] validpageStepDef:14 - URL Opened
2022-01-17 11:16:10,749  INFO [main] validpageStepDef:14 - signin is clicked in page home page
2022-01-17 11:16:17,427  INFO [main] validpageStepDef:14 - Email field is send in page Account Log in
2022-01-17 11:16:18,738  INFO [main] validpageStepDef:14 - password field is send in page Account Log in
2022-01-17 11:16:20,164  INFO [main] validpageStepDef:14 - sign in button is clicked in page Account Log in
2022-01-17 11:16:21,429  INFO [main] validpageStepDef:14 - Successfully logged in
2022-01-17 11:16:36,125  INFO [main] outstationStepDef:14 - URL Opened
2022-01-17 11:16:38,135  INFO [main] outstationStepDef:14 - signin is clicked in page home page
2022-01-17 11:16:44,745  INFO [main] outstationStepDef:14 - Email field is send in page Account Log in
2022-01-17 11:16:45,802  INFO [main] outstationStepDef:14 - password field is send in page Account Log in
2022-01-17 11:16:47,174  INFO [main] outstationStepDef:14 - sign in button is clicked in page Account Log in
2022-01-17 11:16:48,807  INFO [main] outstationStepDef:14 - img is clicked in page img
2022-01-17 11:16:52,543  INFO [main] outstationStepDef:14 - logout is clicked in page logout
2022-01-17 11:16:53,895  INFO [main] outstationStepDef:14 - Signed out sucessfully 
2022-01-17 11:17:08,677  INFO [main] validpageStepDef:14 - URL Opened
2022-01-17 11:17:11,003  INFO [main] validpageStepDef:14 - airport is clicked in page airport
2022-01-17 11:17:13,647  INFO [main] validpageStepDef:14 - from place is clicked in page from
2022-01-17 11:17:15,312  INFO [main] validpageStepDef:14 - place is send in page from
2022-01-17 11:17:16,719  INFO [main] validpageStepDef:14 - from is clicked in page from
2022-01-17 11:17:18,753  INFO [main] validpageStepDef:14 - dropaddress is clicked in page address
2022-01-17 11:17:20,484  INFO [main] validpageStepDef:14 - dropaddress is send in page address
2022-01-17 11:17:24,076  INFO [main] validpageStepDef:14 - dropaddress is clicked in page address
2022-01-17 11:17:27,706  INFO [main] validpageStepDef:14 - selected is clicked in page select
2022-01-17 11:17:31,477  INFO [main] validpageStepDef:14 - select car is clicked in page select
2022-01-17 11:17:45,086  INFO [main] downloadappStepDef:14 - URL Opened
2022-01-17 11:17:47,276  INFO [main] downloadappStepDef:14 - playstore is clicked in page playstore
2022-01-17 11:17:56,209  INFO [main] downloadappStepDef:14 - playsrore detail shown 
2022-01-17 11:17:57,119  INFO [main] downloadappStepDef:14 - home page is clicked in page home page
2022-01-17 11:18:11,115  INFO [main] validpageStepDef:14 - URL Opened
2022-01-17 11:18:13,284  INFO [main] validpageStepDef:14 - local is clicked in page local
2022-01-17 11:18:15,041  INFO [main] validpageStepDef:14 - from place is clicked in page from
2022-01-17 11:18:16,909  INFO [main] validpageStepDef:14 - place is send in page from
2022-01-17 11:18:21,049  INFO [main] validpageStepDef:14 - selected is clicked in page select
2022-01-17 11:18:24,131  INFO [main] validpageStepDef:14 - time is clicked in page time
2022-01-17 11:18:25,746  INFO [main] validpageStepDef:14 - select car is clicked in page select
2022-01-17 11:18:27,048  INFO [main] validpageStepDef:14 - booking detail shown 
2022-01-17 11:18:28,199  INFO [main] validpageStepDef:14 - home page is clicked in page home page
2022-01-17 11:18:41,381  INFO [main] outstationStepDef:14 - URL Opened
2022-01-17 11:18:43,359  INFO [main] outstationStepDef:14 - from place is clicked in page from
2022-01-17 11:18:45,236  INFO [main] outstationStepDef:14 - place is send in page from
2022-01-17 11:18:46,761  INFO [main] outstationStepDef:14 - place is clicked in page to
2022-01-17 11:18:48,570  INFO [main] outstationStepDef:14 - place is send in page to
2022-01-17 11:18:49,926  INFO [main] outstationStepDef:14 - place is clicked in page to
2022-01-17 11:18:56,074  INFO [main] outstationStepDef:14 - selected is clicked in page select
2022-01-17 11:18:58,560  INFO [main] outstationStepDef:14 - Successfully verified
2022-01-17 11:19:01,982  INFO [main] outstationStepDef:14 - home page is clicked in page home page
2022-01-17 11:19:18,148  INFO [main] validpageStepDef:14 - URL Opened
2022-01-17 11:19:22,324  INFO [main] validpageStepDef:14 - round is clicked in page round
2022-01-17 11:19:23,953  INFO [main] validpageStepDef:14 - from place is clicked in page from
2022-01-17 11:19:25,507  INFO [main] validpageStepDef:14 - place is send in page from
2022-01-17 11:19:26,916  INFO [main] validpageStepDef:14 - place is clicked in page to
2022-01-17 11:19:28,676  INFO [main] validpageStepDef:14 - place is send in page to
2022-01-17 11:19:30,035  INFO [main] validpageStepDef:14 - place is clicked in page to
2022-01-17 11:19:36,006  INFO [main] validpageStepDef:14 - selected is clicked in page select
2022-01-17 11:19:39,629  INFO [main] validpageStepDef:14 - select car is clicked in page select
2022-01-17 11:19:41,314  INFO [main] validpageStepDef:14 - booking detail shown 
2022-01-17 11:19:42,692  INFO [main] validpageStepDef:14 - home page is clicked in page home page
2022-01-17 11:19:58,573  INFO [main] validpageStepDef:14 - URL Opened
2022-01-17 11:20:00,106  INFO [main] validpageStepDef:14 - Page opend with title Book Outstation Cabs, Local & Airport Taxi Service - India's Leading Car Rentals
